Start testing: Jul 01 19:44 Venezuela Standard Time
----------------------------------------------------------
1/1 Testing: unit_and_integration
1/1 Test: unit_and_integration
Command: "C:/Users/devon/Artemis/build/artemis_tests.exe"
Directory: C:/Users/devon/Artemis/build
"unit_and_integration" start time: Jul 01 19:44 Venezuela Standard Time
Output:
----------------------------------------------------------
[ RUN  ] Lexer.EmptyInput
[ PASS ] Lexer.EmptyInput
[ RUN  ] Lexer.IntegerLiteral
[ PASS ] Lexer.IntegerLiteral
[ RUN  ] Lexer.HexLiteral
[ PASS ] Lexer.HexLiteral
[ RUN  ] Lexer.BinaryLiteral
[ PASS ] Lexer.BinaryLiteral
[ RUN  ] Lexer.FloatLiteral
[ PASS ] Lexer.FloatLiteral
[ RUN  ] Lexer.StringLiteral
[ PASS ] Lexer.StringLiteral
[ RUN  ] Lexer.UnterminatedString
[ PASS ] Lexer.UnterminatedString
[ RUN  ] Lexer.CharLiteral
[ PASS ] Lexer.CharLiteral
[ RUN  ] Lexer.Keywords
[ PASS ] Lexer.Keywords
[ RUN  ] Lexer.ArbIntTypeKeywords
[ PASS ] Lexer.ArbIntTypeKeywords
[ RUN  ] Lexer.ArbUintTypeKeywords
[ PASS ] Lexer.ArbUintTypeKeywords
[ RUN  ] Lexer.ArbFloatTypeKeywords
[ PASS ] Lexer.ArbFloatTypeKeywords
[ RUN  ] Lexer.ArbBoolTypeKeywords
[ PASS ] Lexer.ArbBoolTypeKeywords
[ RUN  ] Lexer.TypeWordAliases
[ PASS ] Lexer.TypeWordAliases
[ RUN  ] Lexer.ArithmeticOperators
[ PASS ] Lexer.ArithmeticOperators
[ RUN  ] Lexer.BitwiseOperators
[ PASS ] Lexer.BitwiseOperators
[ RUN  ] Lexer.ComparisonOperators
[ PASS ] Lexer.ComparisonOperators
[ RUN  ] Lexer.LogicalOperators
[ PASS ] Lexer.LogicalOperators
[ RUN  ] Lexer.AssignmentOperators
[ PASS ] Lexer.AssignmentOperators
[ RUN  ] Lexer.BitwiseAssignOps
[ PASS ] Lexer.BitwiseAssignOps
[ RUN  ] Lexer.Delimiters
[ PASS ] Lexer.Delimiters
[ RUN  ] Lexer.AtToken
[ PASS ] Lexer.AtToken
[ RUN  ] Lexer.HashToken
[ PASS ] Lexer.HashToken
[ RUN  ] Lexer.LineComment
[ PASS ] Lexer.LineComment
[ RUN  ] Lexer.BlockComment
[ PASS ] Lexer.BlockComment
[ RUN  ] Lexer.LineNumbers
[ PASS ] Lexer.LineNumbers
[ RUN  ] Lexer.IdentifierVsKeyword
[ PASS ] Lexer.IdentifierVsKeyword
[ RUN  ] Lexer.TrueAndFalse
[ PASS ] Lexer.TrueAndFalse
[ RUN  ] Lexer.NullKeyword
[ PASS ] Lexer.NullKeyword
[ RUN  ] Lexer.StorageClassKeywords
[ PASS ] Lexer.StorageClassKeywords
[ RUN  ] Lexer.IncrDecr
[ PASS ] Lexer.IncrDecr
[ RUN  ] Parser.EmptyProgram
[ PASS ] Parser.EmptyProgram
[ RUN  ] Parser.VarDeclNoInit
[ PASS ] Parser.VarDeclNoInit
[ RUN  ] Parser.VarDeclWithInit
[ PASS ] Parser.VarDeclWithInit
[ RUN  ] Parser.PointerVar
[ PASS ] Parser.PointerVar
[ RUN  ] Parser.ArrayVar
[ PASS ] Parser.ArrayVar
[ RUN  ] Parser.FunctionDecl
[ PASS ] Parser.FunctionDecl
[ RUN  ] Parser.FunctionPrototype
[ PASS ] Parser.FunctionPrototype
[ RUN  ] Parser.StructDecl
Parser Error at line 1: Expected type name
[ PASS ] Parser.StructDecl
[ RUN  ] Parser.EnumDecl
Parser Error at line 1: Expected type name
[ PASS ] Parser.EnumDecl
[ RUN  ] Parser.IfStatement
[ PASS ] Parser.IfStatement
[ RUN  ] Parser.IfElseStatement
[ PASS ] Parser.IfElseStatement
[ RUN  ] Parser.WhileLoop
[ PASS ] Parser.WhileLoop
[ RUN  ] Parser.ForLoop
[ PASS ] Parser.ForLoop
[ RUN  ] Parser.SwitchStatement
[ PASS ] Parser.SwitchStatement
[ RUN  ] Parser.ReturnVoid
[ PASS ] Parser.ReturnVoid
[ RUN  ] Parser.ReturnExpr
[ PASS ] Parser.ReturnExpr
[ RUN  ] Parser.BinaryExprPrecedence
[ PASS ] Parser.BinaryExprPrecedence
[ RUN  ] Parser.CallExpr
[ PASS ] Parser.CallExpr
[ RUN  ] Parser.CastExpr
[ PASS ] Parser.CastExpr
[ RUN  ] Parser.TernaryExpr
[ PASS ] Parser.TernaryExpr
[ RUN  ] Parser.TypedefDecl
[ PASS ] Parser.TypedefDecl
[ RUN  ] Parser.UnionDecl
Parser Error at line 1: Expected type name
[ PASS ] Parser.UnionDecl
[ RUN  ] Parser.AnnotationExpr
[ PASS ] Parser.AnnotationExpr
[ RUN  ] Parser.BreakContinue
[ PASS ] Parser.BreakContinue
[ RUN  ] Parser.SizeofExpr
[ PASS ] Parser.SizeofExpr
[ RUN  ] Parser.ConstQualifier
[ PASS ] Parser.ConstQualifier
[ RUN  ] Parser.ExternStorage
[ PASS ] Parser.ExternStorage
[ RUN  ] Parser.VariadicFunction
[ PASS ] Parser.VariadicFunction
[ RUN  ] Parser.MemberAccess
[ PASS ] Parser.MemberAccess
[ RUN  ] Parser.Subscript
[ PASS ] Parser.Subscript
[ RUN  ] Parser.UnexpectedToken
Parser Error at line 1: Expected declaration name
[ PASS ] Parser.UnexpectedToken
[ RUN  ] Parser.IstrucBasic
[ PASS ] Parser.IstrucBasic
[ RUN  ] Parser.IstrucInheritance
[ PASS ] Parser.IstrucInheritance
[ RUN  ] Parser.IstrucWithMethod
Parser Error at line 1: Expected type name
<end of output>
Test time =   0.96 sec
----------------------------------------------------------
Test Failed.
"unit_and_integration" end time: Jul 01 19:44 Venezuela Standard Time
"unit_and_integration" time elapsed: 00:00:00
----------------------------------------------------------

End testing: Jul 01 19:44 Venezuela Standard Time
